<?xml version="1.0" encoding="UTF-8"?>
<testng-results ignored="0" total="1" passed="1" failed="0" skipped="0">
  <reporter-output>
  </reporter-output>
  <suite started-at="2020-01-30T12:38:35Z" name="Surefire suite" finished-at="2020-01-30T12:38:49Z" duration-ms="13503">
    <groups>
      <group name="cucumber">
        <method signature="AbstractTestNGCucumberTests.feature(cucumber.api.testng.CucumberFeatureWrapper)[pri:0, instance:Runner.TestRunner@65fb9ffc]" name="feature" class="cucumber.api.testng.AbstractTestNGCucumberTests"/>
      </group> <!-- cucumber -->
    </groups>
    <test started-at="2020-01-30T12:38:35Z" name="Surefire test" finished-at="2020-01-30T12:38:49Z" duration-ms="13503">
      <class name="Runner.TestRunner">
        <test-method is-config="true" signature="setUpClass()[pri:0, instance:Runner.TestRunner@65fb9ffc]" started-at="2020-01-30T12:38:35Z" name="setUpClass" finished-at="2020-01-30T12:38:36Z" duration-ms="407" status="PASS">
          <reporter-output>
          </reporter-output>
        </test-method> <!-- setUpClass -->
        <test-method signature="feature(cucumber.api.testng.CucumberFeatureWrapper)[pri:0, instance:Runner.TestRunner@65fb9ffc]" started-at="2020-01-30T12:38:36Z" name="feature" description="Runs Cucumber Feature" data-provider="features" finished-at="2020-01-30T12:38:48Z" duration-ms="12805" status="PASS">
          <params>
            <param index="0">
              <value>
                <![CDATA[Sign In Module]]>
              </value>
            </param>
          </params>
          <reporter-output>
          </reporter-output>
        </test-method> <!-- feature -->
        <test-method is-config="true" signature="tearDownClass()[pri:0, instance:Runner.TestRunner@65fb9ffc]" started-at="2020-01-30T12:38:48Z" name="tearDownClass" finished-at="2020-01-30T12:38:49Z" duration-ms="140" status="PASS">
          <reporter-output>
          </reporter-output>
        </test-method> <!-- tearDownClass -->
      </class> <!-- Runner.TestRunner -->
    </test> <!-- Surefire test -->
  </suite> <!-- Surefire suite -->
</testng-results>
